<?xml version="1.0" encoding="UTF-8"?>
<testsuite xmlns:xsi="http://www.w3.org/2001/XMLSchema-instance" xsi:noNamespaceSchemaLocation="https://maven.apache.org/surefire/maven-surefire-plugin/xsd/surefire-test-report-3.0.xsd" version="3.0" name="TestMoney" time="0.012" tests="10" errors="0" skipped="0" failures="0">
  <properties>
[...]
</properties>
  <testcase name="testPercentage" classname="TestMoney" time="0.001"/>
  <testcase name="testAdd" classname="TestMoney" time="0.001"/>
  <testcase name="testZero" classname="TestMoney" time="0.001"/>
  <testcase name="testToString" classname="TestMoney" time="0.001"/>
  <testcase name="testOf" classname="TestMoney" time="0.001"/>
  <testcase name="testCompareTo" classname="TestMoney" time="0.0"/>
  <testcase name="testCompareToThrowsExceptionForNull" classname="TestMoney" time="0.001"/>
  <testcase name="testPercentageThrowsExceptionForNegativePercent" classname="TestMoney" time="0.0"/>
  <testcase name="testMultiply" classname="TestMoney" time="0.001"/>
  <testcase name="testEqualsAndHashCode" classname="TestMoney" time="0.002"/>
</testsuite>